Arguments: 
  D:\nodejs\node.exe C:\Users\mcr\AppData\Roaming\npm\node_modules\yarn\bin\yarn.js serve

PATH: 
  D:\java\bin;D:\python\Scripts;C:\WINDOWS\system32;C:\WINDOWS;C:\WINDOWS\System32\Wbem;C:\WINDOWS\System32\WindowsPowerShell\v1.0\;C:\WINDOWS\System32\OpenSSH\;D:\Git\cmd;D:\node\;D:\nodejs;D:\前端学习\新建文件夹 (2)\maven\maven\apache-maven-3.6.1\bin\;D:\python;;D:\软件\wechat_devtools\微信web开发者工具\dll;C:\Users\mcr\AppData\Local\Microsoft\WindowsApps;D:\Microsoft VS Code\bin;D:\软件\pycharm\PyCharm Community Edition 2022.3\bin;;C:\Users\mcr\AppData\Roaming\npm;D:\nodejs;;D:\前端学习\新建文件夹 (3)\IntelliJ IDEA Community Edition 2022.2.4\bin;

Yarn version: 
  1.22.19

Node version: 
  16.17.1

Platform: 
  win32 x64

Trace: 
  SyntaxError: D:\前端学习\招商2\investment-platform-master\package.json: Unexpected token < in JSON at position 1458
      at JSON.parse (<anonymous>)
      at C:\Users\mcr\AppData\Roaming\npm\node_modules\yarn\lib\cli.js:1629:59
      at Generator.next (<anonymous>)
      at step (C:\Users\mcr\AppData\Roaming\npm\node_modules\yarn\lib\cli.js:310:30)
      at C:\Users\mcr\AppData\Roaming\npm\node_modules\yarn\lib\cli.js:321:13

npm manifest: 
  {
    "name": "pure-admin-thin",
    "version": "3.9.7",
    "private": true,
    "scripts": {
      "dev": "NODE_OPTIONS=--max-old-space-size=4096 vite",
      "serve": "pnpm dev",
      "build": "rimraf dist && NODE_OPTIONS=--max-old-space-size=8192 vite build",
      "build:staging": "rimraf dist && vite build --mode staging",
      "report": "rimraf dist && vite build",
      "preview": "vite preview",
      "preview:build": "pnpm build && vite preview",
      "typecheck": "tsc --noEmit && vue-tsc --noEmit --skipLibCheck",
      "svgo": "svgo -f src/assets/svg -o src/assets/svg",
      "cloc": "NODE_OPTIONS=--max-old-space-size=4096 cloc . --exclude-dir=node_modules --exclude-lang=YAML",
      "clean:cache": "rm -rf node_modules && rm -rf .eslintcache && pnpm install",
      "lint:eslint": "eslint --cache --max-warnings 0  \"{src,mock,build}/**/*.{vue,js,ts,tsx}\" --fix",
      "lint:prettier": "prettier --write  \"src/**/*.{js,ts,json,tsx,css,less,scss,vue,html,md}\"",
      "lint:stylelint": "stylelint --cache --fix \"**/*.{vue,css,scss,postcss,less}\" --cache --cache-location node_modules/.cache/stylelint/",
      "lint:lint-staged": "lint-staged -c ./.husky/lintstagedrc.js",
      "lint:pretty": "pretty-quick --staged",
      "lint": "pnpm lint:eslint && pnpm lint:prettier && pnpm lint:stylelint",
      "prepare": "husky install",
      "preinstall": "npx only-allow pnpm"
    },
    "browserslist": [
      "> 1%",
      "not ie 11",
      "not op_mini all"
    ],
    "dependencies": {
  <<<<<<< Updated upstream
      "@amap/amap-jsapi-loader": "^1.0.1",
  =======
      "@element-plus/icons-vue": "^2.0.10",
  >>>>>>> Stashed changes
      "@pureadmin/descriptions": "^1.1.0",
      "@pureadmin/table": "^1.9.0",
      "@pureadmin/utils": "^1.8.5",
      "@vueuse/core": "^9.6.0",
      "@vueuse/motion": "2.0.0-beta.12",
      "animate.css": "^4.1.1",
      "axios": "^1.2.0",
      "dayjs": "^1.11.6",
      "echarts": "^5.4.0",
      "element-plus": "^2.2.27",
      "element-resize-detector": "^1.2.4",
      "file-saver": "^2.0.5",
      "js-cookie": "^3.0.1",
      "mitt": "^3.0.0",
      "mockjs": "^1.1.0",
      "nprogress": "^0.2.0",
      "path": "^0.12.7",
      "pinia": "^2.0.28",
      "qs": "^6.11.0",
      "responsive-storage": "^2.1.0",
      "vue": "^3.2.45",
      "vue-json-excel": "^0.3.0",
      "vue-router": "^4.1.6",
      "vue-types": "^4.2.1",
      "xlsx": "^0.18.5"
    },
    "devDependencies": {
      "@commitlint/cli": "13.1.0",
      "@commitlint/config-conventional": "13.1.0",
      "@iconify-icons/ep": "^1.2.7",
      "@iconify-icons/ri": "^1.2.3",
      "@iconify/vue": "^4.0.0",
      "@pureadmin/theme": "^3.0.0",
      "@types/element-resize-detector": "1.1.3",
      "@types/js-cookie": "^3.0.1",
      "@types/mockjs": "^1.0.7",
      "@types/node": "^18.11.9",
      "@types/nprogress": "0.2.0",
      "@types/qs": "^6.9.7",
      "@typescript-eslint/eslint-plugin": "^5.42.1",
      "@typescript-eslint/parser": "^5.42.1",
      "@vitejs/plugin-vue": "^4.0.0",
      "@vitejs/plugin-vue-jsx": "^3.0.0",
      "@vue/eslint-config-prettier": "^7.0.0",
      "@vue/eslint-config-typescript": "^11.0.2",
      "autoprefixer": "^10.4.13",
      "cloc": "^2.10.0",
      "cssnano": "^5.1.14",
      "eslint": "^8.8.0",
      "eslint-plugin-prettier": "^4.0.0",
      "eslint-plugin-vue": "^9.7.0",
      "husky": "^7.0.4",
      "lint-staged": "11.1.2",
      "picocolors": "^1.0.0",
      "postcss": "^8.4.18",
      "postcss-html": "^1.5.0",
      "postcss-import": "^15.0.0",
      "postcss-scss": "^4.0.5",
      "prettier": "^2.5.1",
      "pretty-quick": "3.1.1",
      "rimraf": "3.0.2",
      "rollup-plugin-visualizer": "^5.8.3",
      "sass": "^1.56.1",
      "sass-loader": "^13.2.0",
      "script-loader": "^0.7.2",
      "stylelint": "^14.3.0",
      "stylelint-config-html": "^1.0.0",
      "stylelint-config-prettier": "^9.0.3",
      "stylelint-config-recommended": "^9.0.0",
      "stylelint-config-standard": "^29.0.0",
      "stylelint-order": "^5.0.0",
      "svgo": "^3.0.2",
      "tailwindcss": "^3.2.4",
      "terser": "^5.16.1",
      "typescript": "^4.9.3",
      "unplugin-vue-define-options": "^1.1.1",
      "vite": "^4.0.3",
      "vite-plugin-cdn-import": "^0.3.5",
      "vite-plugin-compression": "^0.5.1",
      "vite-plugin-mock": "^2.9.6",
      "vite-plugin-remove-console": "^1.3.0",
      "vite-plugin-require-transform": "^1.0.9",
      "vite-svg-loader": "^3.6.0",
      "vue-eslint-parser": "^9.1.0",
      "vue-tsc": "^1.0.9"
    },
    "pnpm": {
      "peerDependencyRules": {
        "ignoreMissing": [
          "rollup",
          "webpack"
        ]
      }
    },
    "repository": "git@github.com:pure-admin/pure-admin-thin.git",
    "author": "xiaoxian521",
    "license": "MIT"
  }

yarn manifest: 
  No manifest

Lockfile: 
  No lockfile
